<?xml version="1.0" encoding="UTF-8"?>
<!-- Generated by org.testng.reporters.JUnitXMLReporter -->
<testsuite ignored="0" hostname="rajusarumacairs-MacBook-Air.local" failures="0" tests="4" name="Default test" time="1.512" errors="0" timestamp="2023-03-29T14:02:12 EDT">
  <testcase classname="api.test.UserTests" name="testPostUser" time="0.986"/>
  <testcase classname="api.test.UserTests" name="testGetUserbyUsername" time="0.107"/>
  <testcase classname="api.test.UserTests" name="testUpdateUserbyUsername" time="0.164"/>
  <testcase classname="api.test.UserTests" name="testDeleteUserbyUsername" time="0.093"/>
</testsuite> <!-- Default test -->
