<?xml version="1.0" encoding="UTF-8"?>
<!-- Generated by org.testng.reporters.JUnitXMLReporter -->
<testsuite ignored="0" hostname="rajusarumacairs-MacBook-Air.local" failures="0" tests="4" name="APiTesting" time="1.57" errors="0" timestamp="2023-03-31T11:10:37 EDT">
  <testcase classname="api.test.UserTests" name="testPostUser" time="1.059"/>
  <testcase classname="api.test.UserTests" name="testGetUserbyUsername" time="0.091"/>
  <testcase classname="api.test.UserTests" name="testUpdateUserbyUsername" time="0.162"/>
  <testcase classname="api.test.UserTests" name="testDeleteUserbyUsername" time="0.074"/>
</testsuite> <!-- APiTesting -->
