<?xml version="1.0" encoding="UTF-8"?>
<testng-results ignored="0" total="4" passed="4" failed="0" skipped="0">
  <reporter-output>
  </reporter-output>
  <suite started-at="2023-03-31T11:10:35 EDT" name="ApiChaining" finished-at="2023-03-31T11:10:37 EDT" duration-ms="1570">
    <groups>
    </groups>
    <test started-at="2023-03-31T11:10:35 EDT" name="APiTesting" finished-at="2023-03-31T11:10:37 EDT" duration-ms="1570">
      <class name="api.test.UserTests">
        <test-method is-config="true" signature="setupData()[pri:0, instance:api.test.UserTests@209da20d]" started-at="2023-03-31T11:10:35 EDT" name="setupData" finished-at="2023-03-31T11:10:36 EDT" duration-ms="139" status="PASS">
          <reporter-output>
          </reporter-output>
        </test-method> <!-- setupData -->
        <test-method signature="testPostUser()[pri:1, instance:api.test.UserTests@209da20d]" started-at="2023-03-31T11:10:36 EDT" name="testPostUser" finished-at="2023-03-31T11:10:37 EDT" duration-ms="1059" status="PASS">
          <reporter-output>
          </reporter-output>
        </test-method> <!-- testPostUser -->
        <test-method signature="testGetUserbyUsername()[pri:2, instance:api.test.UserTests@209da20d]" started-at="2023-03-31T11:10:37 EDT" name="testGetUserbyUsername" finished-at="2023-03-31T11:10:37 EDT" duration-ms="91" status="PASS">
          <reporter-output>
          </reporter-output>
        </test-method> <!-- testGetUserbyUsername -->
        <test-method signature="testUpdateUserbyUsername()[pri:3, instance:api.test.UserTests@209da20d]" started-at="2023-03-31T11:10:37 EDT" name="testUpdateUserbyUsername" finished-at="2023-03-31T11:10:37 EDT" duration-ms="162" status="PASS">
          <reporter-output>
          </reporter-output>
        </test-method> <!-- testUpdateUserbyUsername -->
        <test-method signature="testDeleteUserbyUsername()[pri:4, instance:api.test.UserTests@209da20d]" started-at="2023-03-31T11:10:37 EDT" name="testDeleteUserbyUsername" finished-at="2023-03-31T11:10:37 EDT" duration-ms="74" status="PASS">
          <reporter-output>
          </reporter-output>
        </test-method> <!-- testDeleteUserbyUsername -->
      </class> <!-- api.test.UserTests -->
    </test> <!-- APiTesting -->
  </suite> <!-- ApiChaining -->
</testng-results>
